[2016-08-14 20:26:32] my_logger.INFO: States do not match. [] []
[2016-08-14 20:27:58] my_logger.INFO: TEST [] []
[2016-08-14 20:30:13] my_logger.INFO: TEST [] []
[2016-08-14 20:32:00] my_logger.INFO: TEST [] []
[2016-08-14 20:33:16] my_logger.INFO: TEST [] []
[2016-08-14 20:33:22] my_logger.INFO: States do not match. [] []
[2016-08-14 20:33:53] my_logger.INFO: Got error: access_denied [] []
[2016-08-14 20:37:47] my_logger.INFO: TEST [] []
[2016-08-14 21:04:24] my_logger.INFO: TEST [] []
[2016-08-14 21:05:15] my_logger.INFO: TEST [] []
[2016-08-14 21:05:24] my_logger.INFO: TEST [] []
[2016-08-14 21:05:29] my_logger.INFO: TEST [] []
[2016-08-14 16:07:40] my_logger.INFO: TEST [] []
[2016-08-14 16:07:51] my_logger.INFO: TEST [] []
[2016-08-14 16:10:01] my_logger.INFO: TEST [] []
[2016-08-14 16:11:39] my_logger.WARNING: TEST [] []
[2016-08-14 16:13:32] my_logger.INFO: TEST [] []
[2016-08-14 16:13:37] my_logger.INFO: States do not match. [] []
[2016-08-14 16:15:21] my_logger.INFO: TEST [] []
[2016-08-14 16:15:21] my_logger.INFO: STATE:  [] []
[2016-08-14 16:15:21] my_logger.INFO: TEST [] []
[2016-08-14 16:15:21] my_logger.INFO: STATE:  [] []
[2016-08-14 16:17:18] my_logger.INFO: TEST [] []
[2016-08-14 16:19:47] my_logger.INFO: TEST [] []
[2016-08-14 16:19:47] my_logger.INFO: STATE:  [] []
[2016-08-14 16:20:18] my_logger.INFO: States do not match. Remote: z7VXuxzeKfkq2LvRNFtkHVmLYpCt1BZ0 Session:  [] []
[2016-08-14 16:20:18] my_logger.INFO: STATE:  [] []
[2016-08-14 16:34:36] my_logger.INFO: TEST [] []
[2016-08-14 16:34:36] my_logger.INFO:  [] []
[2016-08-14 16:34:36] my_logger.INFO: TEST [] []
[2016-08-14 16:34:36] my_logger.INFO:  [] []
[2016-08-14 16:39:05] my_logger.INFO: TEST [] []
[2016-08-14 16:39:05] my_logger.INFO:  [] []
[2016-08-14 16:39:05] my_logger.INFO: TEST [] []
[2016-08-14 16:39:05] my_logger.INFO:  [] []
[2016-08-14 16:43:05] my_logger.INFO: TEST [] []
[2016-08-14 16:43:05] my_logger.INFO: STATE:  [] []
[2016-08-14 16:43:05] my_logger.INFO: URL: https://api.login.yahoo.com/oauth2/request_auth?state=8CfU0x95NyOMmI6S4Kau7hA0X3YZU72w&scope=&response_type=code&approval_prompt=auto&client_id=dj0yJmk9OTVUYXM4S0t6NUlXJmQ9WVdrOWJHRlVVV1o2Tm1zbWNHbzlNQS0tJnM9Y29uc3VtZXJzZWNyZXQmeD0xMA--&redirect_uri=http%3A%2F%2Fchleague.dev%2Flogin&language=en-us [] []
[2016-08-14 16:46:02] my_logger.INFO: TEST [] []
[2016-08-14 16:46:02] my_logger.INFO: STATE:  [] []
[2016-08-14 16:46:02] my_logger.INFO: URL: https://api.login.yahoo.com/oauth2/request_auth?state=VbJ9a77a1F3RgwCHUvWXxB9zmgvn5J79&scope=&response_type=code&approval_prompt=auto&client_id=dj0yJmk9OTVUYXM4S0t6NUlXJmQ9WVdrOWJHRlVVV1o2Tm1zbWNHbzlNQS0tJnM9Y29uc3VtZXJzZWNyZXQmeD0xMA--&redirect_uri=http%3A%2F%2Fchleague.dev%2Flogin&language=en-us [] []
[2016-08-14 16:48:45] my_logger.INFO: TEST [] []
[2016-08-14 16:51:41] my_logger.INFO: TEST [] []
[2016-08-14 16:51:41] my_logger.INFO: STATE: moJIGc6L6aNsJGIsEN6VgEq7d56FSUtm [] []
[2016-08-14 16:51:41] my_logger.INFO: URL: https://api.login.yahoo.com/oauth2/request_auth?state=moJIGc6L6aNsJGIsEN6VgEq7d56FSUtm&scope=&response_type=code&approval_prompt=auto&client_id=dj0yJmk9OTVUYXM4S0t6NUlXJmQ9WVdrOWJHRlVVV1o2Tm1zbWNHbzlNQS0tJnM9Y29uc3VtZXJzZWNyZXQmeD0xMA--&redirect_uri=http%3A%2F%2Fchleague.dev%2Flogin&language=en-us [] []
[2016-08-14 16:52:25] my_logger.INFO: States do not match. Remote: moJIGc6L6aNsJGIsEN6VgEq7d56FSUtm Session:  [] []
[2016-08-14 16:52:25] my_logger.INFO: STATE: s7FjfMjMSWTUow9NYvn2MnpyVxtLlmQX [] []
[2016-08-14 16:52:25] my_logger.INFO: URL: https://api.login.yahoo.com/oauth2/request_auth?state=s7FjfMjMSWTUow9NYvn2MnpyVxtLlmQX&scope=&response_type=code&approval_prompt=auto&client_id=dj0yJmk9OTVUYXM4S0t6NUlXJmQ9WVdrOWJHRlVVV1o2Tm1zbWNHbzlNQS0tJnM9Y29uc3VtZXJzZWNyZXQmeD0xMA--&redirect_uri=http%3A%2F%2Fchleague.dev%2Flogin&language=en-us [] []
[2016-08-14 16:52:28] my_logger.INFO: States do not match. Remote: s7FjfMjMSWTUow9NYvn2MnpyVxtLlmQX Session:  [] []
[2016-08-14 16:52:28] my_logger.INFO: STATE: ymKtB9W4uyG0H2unyfkQbYM7p6Wef4sb [] []
[2016-08-14 16:52:28] my_logger.INFO: URL: https://api.login.yahoo.com/oauth2/request_auth?state=ymKtB9W4uyG0H2unyfkQbYM7p6Wef4sb&scope=&response_type=code&approval_prompt=auto&client_id=dj0yJmk9OTVUYXM4S0t6NUlXJmQ9WVdrOWJHRlVVV1o2Tm1zbWNHbzlNQS0tJnM9Y29uc3VtZXJzZWNyZXQmeD0xMA--&redirect_uri=http%3A%2F%2Fchleague.dev%2Flogin&language=en-us [] []
[2016-08-14 16:52:48] my_logger.INFO: States do not match. Remote: ymKtB9W4uyG0H2unyfkQbYM7p6Wef4sb Session:  [] []
[2016-08-14 16:52:48] my_logger.INFO: STATE: wLI9kIcyqGpCCeDahNY6Srtj7rXxoUnf [] []
[2016-08-14 16:52:48] my_logger.INFO: URL: https://api.login.yahoo.com/oauth2/request_auth?state=wLI9kIcyqGpCCeDahNY6Srtj7rXxoUnf&scope=&response_type=code&approval_prompt=auto&client_id=dj0yJmk9OTVUYXM4S0t6NUlXJmQ9WVdrOWJHRlVVV1o2Tm1zbWNHbzlNQS0tJnM9Y29uc3VtZXJzZWNyZXQmeD0xMA--&redirect_uri=http%3A%2F%2Fchleague.dev%2Flogin&language=en-us [] []
[2016-08-14 16:53:16] my_logger.INFO: States do not match. Remote: wLI9kIcyqGpCCeDahNY6Srtj7rXxoUnf Session:  [] []
[2016-08-14 16:53:29] my_logger.INFO: TEST [] []
[2016-08-14 16:53:29] my_logger.INFO: TEST [] []
[2016-08-14 16:53:32] my_logger.INFO: States do not match. Remote: mcHgBCQwmVs8wLovvBr8ab4OT1Zfu2Ae Session:  [] []
[2016-08-14 16:55:56] my_logger.INFO: TEST [] []
[2016-08-14 16:55:56] my_logger.INFO: Sent State: 24x4qbiXjLyzBxZvfrpaQAURUaFSnjRk [] []
[2016-08-14 16:55:56] my_logger.INFO: TEST [] []
[2016-08-14 16:55:56] my_logger.INFO: Sent State: WZKWH2cy2UKLMF3ozZNpW8jyO8HqUi40 [] []
[2016-08-14 16:56:03] my_logger.INFO: TEST [] []
[2016-08-14 16:56:18] my_logger.INFO: TEST [] []
[2016-08-14 16:56:19] my_logger.INFO: TEST [] []
